Running from terminal or non-interactive environment

Attaching package: ‘dplyr’

The following object is masked from ‘package:ape’:

    where

The following objects are masked from ‘package:stats’:

    filter, lag

The following objects are masked from ‘package:base’:

    intersect, setdiff, setequal, union

Loading required package: coda
Loading required package: sm
Package 'sm', version 2.2-6.0: type help(sm) for summary information
Loading required package: zoo

Attaching package: ‘zoo’

The following objects are masked from ‘package:base’:

    as.Date, as.Date.numeric

               Length  Class           Mode     
Y              1300671 -none-          numeric  
XData               16 data.frame      list     
XFormula             2 formula         call     
X               110007 -none-          numeric  
XScaled         110007 -none-          numeric  
XRRRData             0 -none-          NULL     
XRRRFormula          0 -none-          NULL     
XRRRScaled           0 -none-          NULL     
YScaled        1300671 -none-          numeric  
XInterceptInd        1 -none-          numeric  
studyDesign          2 data.frame      list     
ranLevels            2 -none-          list     
ranLevelsUsed        2 -none-          character
dfPi                 2 data.frame      list     
rL                   2 -none-          list     
Pi               12942 -none-          numeric  
TrData               2 data.frame      list     
TrFormula            2 formula         call     
Tr                7638 -none-          numeric  
TrScaled          7638 -none-          numeric  
TrInterceptInd       1 -none-          numeric  
C                40401 -none-          numeric  
phyloTree            4 phylo           list     
distr              402 -none-          numeric  
ny                   1 -none-          numeric  
ns                   1 -none-          numeric  
nc                   1 -none-          numeric  
ncNRRR               1 -none-          numeric  
ncRRR                1 -none-          numeric  
ncORRR               1 -none-          numeric  
ncsel                1 -none-          numeric  
nr                   1 -none-          numeric  
nt                   1 -none-          numeric  
nf                   0 -none-          NULL     
ncr                  0 -none-          NULL     
ncs                  0 -none-          NULL     
np                   2 -none-          numeric  
spNames            201 -none-          character
covNames            17 -none-          character
trNames             38 -none-          character
rLNames              2 -none-          character
XScalePar           34 -none-          numeric  
XRRRScalePar         0 -none-          NULL     
YScalePar          402 -none-          numeric  
TrScalePar          76 -none-          numeric  
V0                 289 -none-          numeric  
f0                   1 -none-          numeric  
mGamma             646 -none-          numeric  
UGamma          417316 -none-          numeric  
aSigma             201 -none-          numeric  
bSigma             201 -none-          numeric  
rhopw              202 -none-          numeric  
nuRRR                1 -none-          numeric  
a1RRR                1 -none-          numeric  
b1RRR                1 -none-          numeric  
a2RRR                1 -none-          numeric  
b2RRR                1 -none-          numeric  
samples              0 -none-          NULL     
transient            0 -none-          NULL     
thin                 0 -none-          NULL     
verbose              0 -none-          NULL     
adaptNf              0 -none-          NULL     
initPar              0 -none-          NULL     
repN                 0 -none-          NULL     
randSeed             0 -none-          NULL     
postList             0 -none-          NULL     
call                10 -none-          call     
HmscVersion          1 package_version list     
[1] "~/home/projects/hmsc-danishbirds/tmp_rds/2025-09-10_11-14-06_samples_250_thin_1000/post_chain00_file.rds"
[1] "~/home/projects/hmsc-danishbirds/tmp_rds/2025-09-10_11-14-06_samples_250_thin_1000/post_chain01_file.rds"
[1] "~/home/projects/hmsc-danishbirds/tmp_rds/2025-09-10_11-14-06_samples_250_thin_1000/post_chain02_file.rds"
[1] "~/home/projects/hmsc-danishbirds/tmp_rds/2025-09-10_11-14-06_samples_250_thin_1000/post_chain03_file.rds"
[1] "model succesfully loaded"
[1] "psrf and ess skipped"
[1] "model fit skipped"
[1] "variance partitions skipped"
[1] "predictions skipped"
