2025-06-04 15:31:16.397505: I tensorflow/core/platform/cpu_feature_guard.cc:182] This TensorFlow binary is optimized to use available CPU instructions in performance-critical operations.
To enable the following instructions: AVX2 FMA, in other operations, rebuild TensorFlow with the appropriate compiler flags.
2025-06-04 15:31:18.731336: W tensorflow/compiler/tf2tensorrt/utils/py_utils.cc:38] TF-TRT Warning: Could not find TensorRT
args=Namespace(chains=[2], eager=0, fp=64, fse=1, hmcleapfrog=10, hmcthin=0, input='init_file.rds', output='post_chain02_file.rds', profile=0, rngseed=0, samples=2000, thin=10, tnlib='tf', transient=20000, updbe=0, verbose=100)
working directory /maps/projects/cmec/people/bhr597/projects/hmsc-danishbirds/tmp_rds/2025-06-04_15-24-56
2025-06-04 15:31:27.086838: I tensorflow/core/common_runtime/gpu/gpu_device.cc:1639] Created device /job:localhost/replica:0/task:0/device:GPU:0 with 38325 MB memory:  -> device: 0, name: NVIDIA A100-PCIE-40GB, pci bus id: 0000:27:00.0, compute capability: 8.0
2025-06-04 15:31:27.262360: I tensorflow/core/util/cuda_solvers.cc:179] Creating GpuSolver handles for stream 0x55d5805ad370
sampling
sampling
2025-06-04 15:44:45.755871: W tensorflow/tsl/framework/bfc_allocator.cc:485] Allocator (GPU_0_bfc) ran out of memory trying to allocate 7.80GiB (rounded to 8374768384)requested by op while/body/_1/while/eta/cond/then/_457/while/eta/cond/transpose_3
If the cause is memory fragmentation maybe the environment variable 'TF_GPU_ALLOCATOR=cuda_malloc_async' will improve the situation. 
Current allocation summary follows.
Current allocation summary follows.
2025-06-04 15:44:45.755985: I tensorflow/tsl/framework/bfc_allocator.cc:1039] BFCAllocator dump for GPU_0_bfc
2025-06-04 15:44:45.756018: I tensorflow/tsl/framework/bfc_allocator.cc:1046] Bin (256): 	Total Chunks: 122, Chunks in use: 120. 30.5KiB allocated for chunks. 30.0KiB in use in bin. 1.9KiB client-requested in use in bin.
2025-06-04 15:44:45.756040: I tensorflow/tsl/framework/bfc_allocator.cc:1046] Bin (512): 	Total Chunks: 3, Chunks in use: 1. 1.5KiB allocated for chunks. 512B in use in bin. 288B client-requested in use in bin.
2025-06-04 15:44:45.756060: I tensorflow/tsl/framework/bfc_allocator.cc:1046] Bin (1024): 	Total Chunks: 14, Chunks in use: 13. 18.5KiB allocated for chunks. 17.2KiB in use in bin. 14.2KiB client-requested in use in bin.
2025-06-04 15:44:45.756082: I tensorflow/tsl/framework/bfc_allocator.cc:1046] Bin (2048): 	Total Chunks: 31, Chunks in use: 31. 92.0KiB allocated for chunks. 92.0KiB in use in bin. 82.0KiB client-requested in use in bin.
2025-06-04 15:44:45.756104: I tensorflow/tsl/framework/bfc_allocator.cc:1046] Bin (4096): 	Total Chunks: 8, Chunks in use: 7. 41.0KiB allocated for chunks. 34.2KiB in use in bin. 31.8KiB client-requested in use in bin.
2025-06-04 15:44:45.756124: I tensorflow/tsl/framework/bfc_allocator.cc:1046] Bin (8192): 	Total Chunks: 3, Chunks in use: 2. 27.5KiB allocated for chunks. 19.2KiB in use in bin. 16.9KiB client-requested in use in bin.
2025-06-04 15:44:45.756145: I tensorflow/tsl/framework/bfc_allocator.cc:1046] Bin (16384): 	Total Chunks: 8, Chunks in use: 8. 207.0KiB allocated for chunks. 207.0KiB in use in bin. 206.2KiB client-requested in use in bin.
2025-06-04 15:44:45.756177: I tensorflow/tsl/framework/bfc_allocator.cc:1046] Bin (32768): 	Total Chunks: 17, Chunks in use: 17. 779.5KiB allocated for chunks. 779.5KiB in use in bin. 765.1KiB client-requested in use in bin.
2025-06-04 15:44:45.756199: I tensorflow/tsl/framework/bfc_allocator.cc:1046] Bin (65536): 	Total Chunks: 3, Chunks in use: 2. 301.8KiB allocated for chunks. 202.5KiB in use in bin. 202.2KiB client-requested in use in bin.
2025-06-04 15:44:45.756223: I tensorflow/tsl/framework/bfc_allocator.cc:1046] Bin (131072): 	Total Chunks: 3, Chunks in use: 2. 681.5KiB allocated for chunks. 506.0KiB in use in bin. 505.5KiB client-requested in use in bin.
2025-06-04 15:44:45.756245: I tensorflow/tsl/framework/bfc_allocator.cc:1046] Bin (262144): 	Total Chunks: 1, Chunks in use: 1. 393.5KiB allocated for chunks. 393.5KiB in use in bin. 303.2KiB client-requested in use in bin.
2025-06-04 15:44:45.756268: I tensorflow/tsl/framework/bfc_allocator.cc:1046] Bin (524288): 	Total Chunks: 4, Chunks in use: 4. 3.36MiB allocated for chunks. 3.36MiB in use in bin. 3.36MiB client-requested in use in bin.
2025-06-04 15:44:45.756288: I tensorflow/tsl/framework/bfc_allocator.cc:1046] Bin (1048576): 	Total Chunks: 0, Chunks in use: 0. 0B allocated for chunks. 0B in use in bin. 0B client-requested in use in bin.
2025-06-04 15:44:45.756312: I tensorflow/tsl/framework/bfc_allocator.cc:1046] Bin (2097152): 	Total Chunks: 4, Chunks in use: 3. 11.49MiB allocated for chunks. 8.30MiB in use in bin. 8.29MiB client-requested in use in bin.
2025-06-04 15:44:45.756332: I tensorflow/tsl/framework/bfc_allocator.cc:1046] Bin (4194304): 	Total Chunks: 0, Chunks in use: 0. 0B allocated for chunks. 0B in use in bin. 0B client-requested in use in bin.
2025-06-04 15:44:45.756355: I tensorflow/tsl/framework/bfc_allocator.cc:1046] Bin (8388608): 	Total Chunks: 11, Chunks in use: 11. 109.84MiB allocated for chunks. 109.84MiB in use in bin. 106.98MiB client-requested in use in bin.
2025-06-04 15:44:45.756376: I tensorflow/tsl/framework/bfc_allocator.cc:1046] Bin (16777216): 	Total Chunks: 1, Chunks in use: 0. 18.35MiB allocated for chunks. 0B in use in bin. 0B client-requested in use in bin.
2025-06-04 15:44:45.756396: I tensorflow/tsl/framework/bfc_allocator.cc:1046] Bin (33554432): 	Total Chunks: 0, Chunks in use: 0. 0B allocated for chunks. 0B in use in bin. 0B client-requested in use in bin.
2025-06-04 15:44:45.756419: I tensorflow/tsl/framework/bfc_allocator.cc:1046] Bin (67108864): 	Total Chunks: 1, Chunks in use: 1. 85.57MiB allocated for chunks. 85.57MiB in use in bin. 85.57MiB client-requested in use in bin.
2025-06-04 15:44:45.756440: I tensorflow/tsl/framework/bfc_allocator.cc:1046] Bin (134217728): 	Total Chunks: 1, Chunks in use: 0. 248.25MiB allocated for chunks. 0B in use in bin. 0B client-requested in use in bin.
2025-06-04 15:44:45.756462: I tensorflow/tsl/framework/bfc_allocator.cc:1046] Bin (268435456): 	Total Chunks: 7, Chunks in use: 4. 36.96GiB allocated for chunks. 22.60GiB in use in bin. 22.60GiB client-requested in use in bin.
2025-06-04 15:44:45.756484: I tensorflow/tsl/framework/bfc_allocator.cc:1062] Bin for 7.80GiB was 256.00MiB, Chunk State: 
2025-06-04 15:44:45.756515: I tensorflow/tsl/framework/bfc_allocator.cc:1068]   Size: 3.04GiB | Requested Size: 4B | in_use: 0 | bin_num: 20, prev:   Size: 85.57MiB | Requested Size: 85.57MiB | in_use: 1 | bin_num: -1, next:   Size: 3.50GiB | Requested Size: 3.50GiB | in_use: 1 | bin_num: -1
2025-06-04 15:44:45.756539: I tensorflow/tsl/framework/bfc_allocator.cc:1068]   Size: 4.32GiB | Requested Size: 16B | in_use: 0 | bin_num: 20, prev:   Size: 7.80GiB | Requested Size: 7.80GiB | in_use: 1 | bin_num: -1
2025-06-04 15:44:45.756563: I tensorflow/tsl/framework/bfc_allocator.cc:1068]   Size: 7.00GiB | Requested Size: 3.50GiB | in_use: 0 | bin_num: 20, prev:   Size: 256B | Requested Size: 8B | in_use: 1 | bin_num: -1, next:   Size: 3.50GiB | Requested Size: 3.50GiB | in_use: 1 | bin_num: -1
2025-06-04 15:44:45.756581: I tensorflow/tsl/framework/bfc_allocator.cc:1075] Next region of size 40187068416
2025-06-04 15:44:45.756603: I tensorflow/tsl/framework/bfc_allocator.cc:1095] InUse at 7fe5a0000000 of size 256 next 8
2025-06-04 15:44:45.756621: I tensorflow/tsl/framework/bfc_allocator.cc:1095] InUse at 7fe5a0000100 of size 256 next 18
2025-06-04 15:44:45.756639: I tensorflow/tsl/framework/bfc_allocator.cc:1095] InUse at 7fe5a0000200 of size 256 next 17
2025-06-04 15:44:45.756657: I tensorflow/tsl/framework/bfc_allocator.cc:1095] InUse at 7fe5a0000300 of size 256 next 21
2025-06-04 15:44:45.756675: I tensorflow/tsl/framework/bfc_allocator.cc:1095] InUse at 7fe5a0000400 of size 256 next 11
2025-06-04 15:44:45.756692: I tensorflow/tsl/framework/bfc_allocator.cc:1095] InUse at 7fe5a0000500 of size 256 next 10
2025-06-04 15:44:45.756710: I tensorflow/tsl/framework/bfc_allocator.cc:1095] InUse at 7fe5a0000600 of size 1024 next 12
2025-06-04 15:44:45.756728: I tensorflow/tsl/framework/bfc_allocator.cc:1095] InUse at 7fe5a0000a00 of size 26880 next 3
2025-06-04 15:44:45.756747: I tensorflow/tsl/framework/bfc_allocator.cc:1095] InUse at 7fe5a0007300 of size 5120 next 13
2025-06-04 15:44:45.756768: I tensorflow/tsl/framework/bfc_allocator.cc:1095] InUse at 7fe5a0008700 of size 2560 next 14
2025-06-04 15:44:45.756786: I tensorflow/tsl/framework/bfc_allocator.cc:1095] InUse at 7fe5a0009100 of size 2560 next 15
2025-06-04 15:44:45.756804: I tensorflow/tsl/framework/bfc_allocator.cc:1095] InUse at 7fe5a0009b00 of size 34560 next 19
2025-06-04 15:44:45.756822: I tensorflow/tsl/framework/bfc_allocator.cc:1095] InUse at 7fe5a0012200 of size 3328 next 16
2025-06-04 15:44:45.756840: I tensorflow/tsl/framework/bfc_allocator.cc:1095] InUse at 7fe5a0012f00 of size 3328 next 20
2025-06-04 15:44:45.756858: I tensorflow/tsl/framework/bfc_allocator.cc:1095] InUse at 7fe5a0013c00 of size 3328 next 22
2025-06-04 15:44:45.756876: I tensorflow/tsl/framework/bfc_allocator.cc:1095] InUse at 7fe5a0014900 of size 3328 next 23
2025-06-04 15:44:45.756894: I tensorflow/tsl/framework/bfc_allocator.cc:1095] InUse at 7fe5a0015600 of size 26880 next 26
2025-06-04 15:44:45.756910: I tensorflow/tsl/framework/bfc_allocator.cc:1095] InUse at 7fe5a001bf00 of size 5120 next 27
2025-06-04 15:44:45.756928: I tensorflow/tsl/framework/bfc_allocator.cc:1095] InUse at 7fe5a001d300 of size 2560 next 28
2025-06-04 15:44:45.756946: I tensorflow/tsl/framework/bfc_allocator.cc:1095] InUse at 7fe5a001dd00 of size 2560 next 29
2025-06-04 15:44:45.756964: I tensorflow/tsl/framework/bfc_allocator.cc:1095] InUse at 7fe5a001e700 of size 34560 next 32
2025-06-04 15:44:45.756982: I tensorflow/tsl/framework/bfc_allocator.cc:1095] InUse at 7fe5a0026e00 of size 256 next 33
2025-06-04 15:44:45.757000: I tensorflow/tsl/framework/bfc_allocator.cc:1095] InUse at 7fe5a0026f00 of size 3328 next 31
2025-06-04 15:44:45.757017: I tensorflow/tsl/framework/bfc_allocator.cc:1095] InUse at 7fe5a0027c00 of size 3328 next 30
2025-06-04 15:44:45.757035: I tensorflow/tsl/framework/bfc_allocator.cc:1095] InUse at 7fe5a0028900 of size 256 next 34
2025-06-04 15:44:45.757053: I tensorflow/tsl/framework/bfc_allocator.cc:1095] InUse at 7fe5a0028a00 of size 3328 next 35
2025-06-04 15:44:45.757070: I tensorflow/tsl/framework/bfc_allocator.cc:1095] InUse at 7fe5a0029700 of size 3328 next 36
2025-06-04 15:44:45.757088: I tensorflow/tsl/framework/bfc_allocator.cc:1095] InUse at 7fe5a002a400 of size 26880 next 38
2025-06-04 15:44:45.757105: I tensorflow/tsl/framework/bfc_allocator.cc:1095] InUse at 7fe5a0030d00 of size 5120 next 39
2025-06-04 15:44:45.757123: I tensorflow/tsl/framework/bfc_allocator.cc:1095] InUse at 7fe5a0032100 of size 2560 next 40
2025-06-04 15:44:45.757141: I tensorflow/tsl/framework/bfc_allocator.cc:1095] InUse at 7fe5a0032b00 of size 2560 next 41
2025-06-04 15:44:45.757173: I tensorflow/tsl/framework/bfc_allocator.cc:1095] InUse at 7fe5a0033500 of size 34560 next 45
2025-06-04 15:44:45.757191: I tensorflow/tsl/framework/bfc_allocator.cc:1095] InUse at 7fe5a003bc00 of size 256 next 46
2025-06-04 15:44:45.757209: I tensorflow/tsl/framework/bfc_allocator.cc:1095] InUse at 7fe5a003bd00 of size 256 next 44
2025-06-04 15:44:45.757227: I tensorflow/tsl/framework/bfc_allocator.cc:1095] InUse at 7fe5a003be00 of size 3328 next 43
2025-06-04 15:44:45.757245: I tensorflow/tsl/framework/bfc_allocator.cc:1095] InUse at 7fe5a003cb00 of size 3328 next 42
2025-06-04 15:44:45.757263: I tensorflow/tsl/framework/bfc_allocator.cc:1095] InUse at 7fe5a003d800 of size 256 next 47
2025-06-04 15:44:45.757280: I tensorflow/tsl/framework/bfc_allocator.cc:1095] InUse at 7fe5a003d900 of size 3328 next 48
2025-06-04 15:44:45.757298: I tensorflow/tsl/framework/bfc_allocator.cc:1095] InUse at 7fe5a003e600 of size 3328 next 49
2025-06-04 15:44:45.757316: I tensorflow/tsl/framework/bfc_allocator.cc:1095] InUse at 7fe5a003f300 of size 26880 next 51
2025-06-04 15:44:45.757333: I tensorflow/tsl/framework/bfc_allocator.cc:1095] InUse at 7fe5a0045c00 of size 5120 next 52
2025-06-04 15:44:45.757351: I tensorflow/tsl/framework/bfc_allocator.cc:1095] InUse at 7fe5a0047000 of size 2560 next 53
2025-06-04 15:44:45.757369: I tensorflow/tsl/framework/bfc_allocator.cc:1095] InUse at 7fe5a0047a00 of size 2560 next 54
2025-06-04 15:44:45.757387: I tensorflow/tsl/framework/bfc_allocator.cc:1095] InUse at 7fe5a0048400 of size 34560 next 58
2025-06-04 15:44:45.757404: I tensorflow/tsl/framework/bfc_allocator.cc:1095] InUse at 7fe5a0050b00 of size 256 next 59
2025-06-04 15:44:45.757422: I tensorflow/tsl/framework/bfc_allocator.cc:1095] InUse at 7fe5a0050c00 of size 256 next 57
2025-06-04 15:44:45.757439: I tensorflow/tsl/framework/bfc_allocator.cc:1095] InUse at 7fe5a0050d00 of size 3328 next 56
2025-06-04 15:44:45.757457: I tensorflow/tsl/framework/bfc_allocator.cc:1095] InUse at 7fe5a0051a00 of size 3328 next 55
2025-06-04 15:44:45.757476: I tensorflow/tsl/framework/bfc_allocator.cc:1095] InUse at 7fe5a0052700 of size 256 next 60
2025-06-04 15:44:45.757493: I tensorflow/tsl/framework/bfc_allocator.cc:1095] InUse at 7fe5a0052800 of size 3328 next 61
2025-06-04 15:44:45.757511: I tensorflow/tsl/framework/bfc_allocator.cc:1095] InUse at 7fe5a0053500 of size 3328 next 62
2025-06-04 15:44:45.757529: I tensorflow/tsl/framework/bfc_allocator.cc:1095] InUse at 7fe5a0054200 of size 51968 next 64
2025-06-04 15:44:45.757547: I tensorflow/tsl/framework/bfc_allocator.cc:1095] InUse at 7fe5a0060d00 of size 51968 next 65
2025-06-04 15:44:45.757565: I tensorflow/tsl/framework/bfc_allocator.cc:1095] InUse at 7fe5a006d800 of size 1792 next 68
2025-06-04 15:44:45.757583: I tensorflow/tsl/framework/bfc_allocator.cc:1095] InUse at 7fe5a006df00 of size 256 next 69
2025-06-04 15:44:45.757601: I tensorflow/tsl/framework/bfc_allocator.cc:1095] InUse at 7fe5a006e000 of size 256 next 70
2025-06-04 15:44:45.757618: I tensorflow/tsl/framework/bfc_allocator.cc:1095] InUse at 7fe5a006e100 of size 256 next 71
2025-06-04 15:44:45.757636: I tensorflow/tsl/framework/bfc_allocator.cc:1095] InUse at 7fe5a006e200 of size 56832 next 73
2025-06-04 15:44:45.757656: I tensorflow/tsl/framework/bfc_allocator.cc:1095] InUse at 7fe5a007c000 of size 56832 next 74
2025-06-04 15:44:45.757674: I tensorflow/tsl/framework/bfc_allocator.cc:1095] InUse at 7fe5a0089e00 of size 402944 next 24
2025-06-04 15:44:45.757692: I tensorflow/tsl/framework/bfc_allocator.cc:1095] InUse at 7fe5a00ec400 of size 880128 next 25
2025-06-04 15:44:45.757711: I tensorflow/tsl/framework/bfc_allocator.cc:1095] InUse at 7fe5a01c3200 of size 2560 next 75
2025-06-04 15:44:45.757728: I tensorflow/tsl/framework/bfc_allocator.cc:1095] InUse at 7fe5a01c3c00 of size 1792 next 76
2025-06-04 15:44:45.757746: I tensorflow/tsl/framework/bfc_allocator.cc:1095] InUse at 7fe5a01c4300 of size 256 next 77
2025-06-04 15:44:45.757764: I tensorflow/tsl/framework/bfc_allocator.cc:1095] InUse at 7fe5a01c4400 of size 1024 next 78
2025-06-04 15:44:45.757781: I tensorflow/tsl/framework/bfc_allocator.cc:1095] InUse at 7fe5a01c4800 of size 256 next 79
2025-06-04 15:44:45.757799: I tensorflow/tsl/framework/bfc_allocator.cc:1095] InUse at 7fe5a01c4900 of size 1024 next 80
2025-06-04 15:44:45.757817: I tensorflow/tsl/framework/bfc_allocator.cc:1095] InUse at 7fe5a01c4d00 of size 256 next 81
2025-06-04 15:44:45.757834: I tensorflow/tsl/framework/bfc_allocator.cc:1095] InUse at 7fe5a01c4e00 of size 256 next 82
2025-06-04 15:44:45.757852: I tensorflow/tsl/framework/bfc_allocator.cc:1095] InUse at 7fe5a01c4f00 of size 51968 next 83
2025-06-04 15:44:45.757869: I tensorflow/tsl/framework/bfc_allocator.cc:1095] InUse at 7fe5a01d1a00 of size 51968 next 84
2025-06-04 15:44:45.757887: I tensorflow/tsl/framework/bfc_allocator.cc:1095] InUse at 7fe5a01de500 of size 1792 next 85
2025-06-04 15:44:45.757905: I tensorflow/tsl/framework/bfc_allocator.cc:1095] InUse at 7fe5a01dec00 of size 256 next 86
2025-06-04 15:44:45.757922: I tensorflow/tsl/framework/bfc_allocator.cc:1095] InUse at 7fe5a01ded00 of size 256 next 87
2025-06-04 15:44:45.757940: I tensorflow/tsl/framework/bfc_allocator.cc:1095] InUse at 7fe5a01dee00 of size 256 next 90
2025-06-04 15:44:45.757957: I tensorflow/tsl/framework/bfc_allocator.cc:1095] InUse at 7fe5a01def00 of size 256 next 91
2025-06-04 15:44:45.757976: I tensorflow/tsl/framework/bfc_allocator.cc:1095] InUse at 7fe5a01df000 of size 256 next 92
2025-06-04 15:44:45.757993: I tensorflow/tsl/framework/bfc_allocator.cc:1095] InUse at 7fe5a01df100 of size 256 next 93
2025-06-04 15:44:45.758011: I tensorflow/tsl/framework/bfc_allocator.cc:1095] InUse at 7fe5a01df200 of size 256 next 94
2025-06-04 15:44:45.758029: I tensorflow/tsl/framework/bfc_allocator.cc:1095] InUse at 7fe5a01df300 of size 256 next 95
2025-06-04 15:44:45.758046: I tensorflow/tsl/framework/bfc_allocator.cc:1095] InUse at 7fe5a01df400 of size 256 next 96
2025-06-04 15:44:45.758064: I tensorflow/tsl/framework/bfc_allocator.cc:1095] InUse at 7fe5a01df500 of size 256 next 97
2025-06-04 15:44:45.758082: I tensorflow/tsl/framework/bfc_allocator.cc:1095] InUse at 7fe5a01df600 of size 256 next 98
2025-06-04 15:44:45.758100: I tensorflow/tsl/framework/bfc_allocator.cc:1095] InUse at 7fe5a01df700 of size 256 next 99
2025-06-04 15:44:45.758118: I tensorflow/tsl/framework/bfc_allocator.cc:1095] InUse at 7fe5a01df800 of size 256 next 100
2025-06-04 15:44:45.758135: I tensorflow/tsl/framework/bfc_allocator.cc:1095] InUse at 7fe5a01df900 of size 256 next 101
2025-06-04 15:44:45.758163: I tensorflow/tsl/framework/bfc_allocator.cc:1095] InUse at 7fe5a01dfa00 of size 256 next 102
2025-06-04 15:44:45.758181: I tensorflow/tsl/framework/bfc_allocator.cc:1095] InUse at 7fe5a01dfb00 of size 256 next 103
2025-06-04 15:44:45.758198: I tensorflow/tsl/framework/bfc_allocator.cc:1095] InUse at 7fe5a01dfc00 of size 256 next 104
2025-06-04 15:44:45.758216: I tensorflow/tsl/framework/bfc_allocator.cc:1095] InUse at 7fe5a01dfd00 of size 256 next 105
2025-06-04 15:44:45.758234: I tensorflow/tsl/framework/bfc_allocator.cc:1095] InUse at 7fe5a01dfe00 of size 256 next 106
2025-06-04 15:44:45.758252: I tensorflow/tsl/framework/bfc_allocator.cc:1095] InUse at 7fe5a01dff00 of size 256 next 107
2025-06-04 15:44:45.758269: I tensorflow/tsl/framework/bfc_allocator.cc:1095] InUse at 7fe5a01e0000 of size 256 next 108
2025-06-04 15:44:45.758287: I tensorflow/tsl/framework/bfc_allocator.cc:1095] InUse at 7fe5a01e0100 of size 256 next 109
2025-06-04 15:44:45.758304: I tensorflow/tsl/framework/bfc_allocator.cc:1095] InUse at 7fe5a01e0200 of size 256 next 110
2025-06-04 15:44:45.758322: I tensorflow/tsl/framework/bfc_allocator.cc:1095] InUse at 7fe5a01e0300 of size 256 next 111
2025-06-04 15:44:45.758340: I tensorflow/tsl/framework/bfc_allocator.cc:1095] InUse at 7fe5a01e0400 of size 256 next 112
2025-06-04 15:44:45.758357: I tensorflow/tsl/framework/bfc_allocator.cc:1095] InUse at 7fe5a01e0500 of size 256 next 113
2025-06-04 15:44:45.758375: I tensorflow/tsl/framework/bfc_allocator.cc:1095] InUse at 7fe5a01e0600 of size 256 next 114
2025-06-04 15:44:45.758393: I tensorflow/tsl/framework/bfc_allocator.cc:1095] InUse at 7fe5a01e0700 of size 256 next 115
2025-06-04 15:44:45.758410: I tensorflow/tsl/framework/bfc_allocator.cc:1095] InUse at 7fe5a01e0800 of size 256 next 116
2025-06-04 15:44:45.758428: I tensorflow/tsl/framework/bfc_allocator.cc:1095] InUse at 7fe5a01e0900 of size 256 next 117
2025-06-04 15:44:45.758446: I tensorflow/tsl/framework/bfc_allocator.cc:1095] InUse at 7fe5a01e0a00 of size 51968 next 118
2025-06-04 15:44:45.758464: I tensorflow/tsl/framework/bfc_allocator.cc:1095] InUse at 7fe5a01ed500 of size 103680 next 119
2025-06-04 15:44:45.758482: I tensorflow/tsl/framework/bfc_allocator.cc:1095] InUse at 7fe5a0206a00 of size 51968 next 120
2025-06-04 15:44:45.758500: I tensorflow/tsl/framework/bfc_allocator.cc:1095] InUse at 7fe5a0213500 of size 256 next 121
2025-06-04 15:44:45.758518: I tensorflow/tsl/framework/bfc_allocator.cc:1095] InUse at 7fe5a0213600 of size 51968 next 122
2025-06-04 15:44:45.758536: I tensorflow/tsl/framework/bfc_allocator.cc:1095] InUse at 7fe5a0220100 of size 256 next 123
2025-06-04 15:44:45.758553: I tensorflow/tsl/framework/bfc_allocator.cc:1095] InUse at 7fe5a0220200 of size 256 next 124
2025-06-04 15:44:45.758571: I tensorflow/tsl/framework/bfc_allocator.cc:1095] InUse at 7fe5a0220300 of size 256 next 125
2025-06-04 15:44:45.758589: I tensorflow/tsl/framework/bfc_allocator.cc:1095] InUse at 7fe5a0220400 of size 256 next 126
2025-06-04 15:44:45.758606: I tensorflow/tsl/framework/bfc_allocator.cc:1095] InUse at 7fe5a0220500 of size 256 next 127
2025-06-04 15:44:45.758624: I tensorflow/tsl/framework/bfc_allocator.cc:1095] InUse at 7fe5a0220600 of size 103680 next 128
2025-06-04 15:44:45.758642: I tensorflow/tsl/framework/bfc_allocator.cc:1095] InUse at 7fe5a0239b00 of size 51968 next 129
2025-06-04 15:44:45.758659: I tensorflow/tsl/framework/bfc_allocator.cc:1095] InUse at 7fe5a0246600 of size 256 next 130
2025-06-04 15:44:45.758678: I tensorflow/tsl/framework/bfc_allocator.cc:1095] InUse at 7fe5a0246700 of size 51968 next 131
2025-06-04 15:44:45.758695: I tensorflow/tsl/framework/bfc_allocator.cc:1095] InUse at 7fe5a0253200 of size 256 next 132
2025-06-04 15:44:45.758713: I tensorflow/tsl/framework/bfc_allocator.cc:1095] InUse at 7fe5a0253300 of size 256 next 133
2025-06-04 15:44:45.758731: I tensorflow/tsl/framework/bfc_allocator.cc:1095] InUse at 7fe5a0253400 of size 256 next 134
2025-06-04 15:44:45.758748: I tensorflow/tsl/framework/bfc_allocator.cc:1095] InUse at 7fe5a0253500 of size 256 next 135
2025-06-04 15:44:45.758766: I tensorflow/tsl/framework/bfc_allocator.cc:1095] InUse at 7fe5a0253600 of size 256 next 136
2025-06-04 15:44:45.758783: I tensorflow/tsl/framework/bfc_allocator.cc:1095] InUse at 7fe5a0253700 of size 256 next 137
2025-06-04 15:44:45.758801: I tensorflow/tsl/framework/bfc_allocator.cc:1095] InUse at 7fe5a0253800 of size 256 next 138
2025-06-04 15:44:45.758819: I tensorflow/tsl/framework/bfc_allocator.cc:1095] InUse at 7fe5a0253900 of size 256 next 139
2025-06-04 15:44:45.758836: I tensorflow/tsl/framework/bfc_allocator.cc:1095] InUse at 7fe5a0253a00 of size 256 next 140
2025-06-04 15:44:45.758854: I tensorflow/tsl/framework/bfc_allocator.cc:1095] InUse at 7fe5a0253b00 of size 256 next 141
2025-06-04 15:44:45.758871: I tensorflow/tsl/framework/bfc_allocator.cc:1095] InUse at 7fe5a0253c00 of size 256 next 142
2025-06-04 15:44:45.758889: I tensorflow/tsl/framework/bfc_allocator.cc:1095] InUse at 7fe5a0253d00 of size 256 next 143
2025-06-04 15:44:45.758907: I tensorflow/tsl/framework/bfc_allocator.cc:1095] InUse at 7fe5a0253e00 of size 256 next 144
2025-06-04 15:44:45.758925: I tensorflow/tsl/framework/bfc_allocator.cc:1095] InUse at 7fe5a0253f00 of size 256 next 145
2025-06-04 15:44:45.758942: I tensorflow/tsl/framework/bfc_allocator.cc:1095] InUse at 7fe5a0254000 of size 256 next 146
2025-06-04 15:44:45.758959: I tensorflow/tsl/framework/bfc_allocator.cc:1095] InUse at 7fe5a0254100 of size 256 next 147
2025-06-04 15:44:45.758977: I tensorflow/tsl/framework/bfc_allocator.cc:1095] InUse at 7fe5a0254200 of size 256 next 148
2025-06-04 15:44:45.758994: I tensorflow/tsl/framework/bfc_allocator.cc:1095] InUse at 7fe5a0254300 of size 256 next 149
2025-06-04 15:44:45.759012: I tensorflow/tsl/framework/bfc_allocator.cc:1095] InUse at 7fe5a0254400 of size 256 next 150
2025-06-04 15:44:45.759029: I tensorflow/tsl/framework/bfc_allocator.cc:1095] InUse at 7fe5a0254500 of size 256 next 151
2025-06-04 15:44:45.759047: I tensorflow/tsl/framework/bfc_allocator.cc:1095] InUse at 7fe5a0254600 of size 256 next 152
2025-06-04 15:44:45.759066: I tensorflow/tsl/framework/bfc_allocator.cc:1095] InUse at 7fe5a0254700 of size 256 next 153
2025-06-04 15:44:45.759083: I tensorflow/tsl/framework/bfc_allocator.cc:1095] InUse at 7fe5a0254800 of size 256 next 154
2025-06-04 15:44:45.759100: I tensorflow/tsl/framework/bfc_allocator.cc:1095] InUse at 7fe5a0254900 of size 256 next 155
2025-06-04 15:44:45.759119: I tensorflow/tsl/framework/bfc_allocator.cc:1095] InUse at 7fe5a0254a00 of size 256 next 156
2025-06-04 15:44:45.759136: I tensorflow/tsl/framework/bfc_allocator.cc:1095] InUse at 7fe5a0254b00 of size 1792 next 157
2025-06-04 15:44:45.759165: I tensorflow/tsl/framework/bfc_allocator.cc:1095] InUse at 7fe5a0255200 of size 256 next 158
2025-06-04 15:44:45.759183: I tensorflow/tsl/framework/bfc_allocator.cc:1095] InUse at 7fe5a0255300 of size 256 next 159
2025-06-04 15:44:45.759201: I tensorflow/tsl/framework/bfc_allocator.cc:1095] InUse at 7fe5a0255400 of size 256 next 160
2025-06-04 15:44:45.759219: I tensorflow/tsl/framework/bfc_allocator.cc:1095] InUse at 7fe5a0255500 of size 256 next 161
2025-06-04 15:44:45.759236: I tensorflow/tsl/framework/bfc_allocator.cc:1095] InUse at 7fe5a0255600 of size 256 next 162
2025-06-04 15:44:45.759254: I tensorflow/tsl/framework/bfc_allocator.cc:1095] InUse at 7fe5a0255700 of size 256 next 163
2025-06-04 15:44:45.759272: I tensorflow/tsl/framework/bfc_allocator.cc:1095] InUse at 7fe5a0255800 of size 256 next 164
2025-06-04 15:44:45.759289: I tensorflow/tsl/framework/bfc_allocator.cc:1095] InUse at 7fe5a0255900 of size 256 next 165
2025-06-04 15:44:45.759307: I tensorflow/tsl/framework/bfc_allocator.cc:1095] InUse at 7fe5a0255a00 of size 256 next 166
2025-06-04 15:44:45.759325: I tensorflow/tsl/framework/bfc_allocator.cc:1095] InUse at 7fe5a0255b00 of size 256 next 167
2025-06-04 15:44:45.759342: I tensorflow/tsl/framework/bfc_allocator.cc:1095] InUse at 7fe5a0255c00 of size 256 next 168
2025-06-04 15:44:45.759360: I tensorflow/tsl/framework/bfc_allocator.cc:1095] InUse at 7fe5a0255d00 of size 1792 next 169
2025-06-04 15:44:45.759378: I tensorflow/tsl/framework/bfc_allocator.cc:1095] InUse at 7fe5a0256400 of size 256 next 170
2025-06-04 15:44:45.759395: I tensorflow/tsl/framework/bfc_allocator.cc:1095] InUse at 7fe5a0256500 of size 256 next 171
2025-06-04 15:44:45.759413: I tensorflow/tsl/framework/bfc_allocator.cc:1095] InUse at 7fe5a0256600 of size 2560 next 199
2025-06-04 15:44:45.759431: I tensorflow/tsl/framework/bfc_allocator.cc:1095] InUse at 7fe5a0257000 of size 2560 next 222
2025-06-04 15:44:45.759448: I tensorflow/tsl/framework/bfc_allocator.cc:1095] InUse at 7fe5a0257a00 of size 3328 next 174
2025-06-04 15:44:45.759466: I tensorflow/tsl/framework/bfc_allocator.cc:1095] InUse at 7fe5a0258700 of size 256 next 204
2025-06-04 15:44:45.759484: I tensorflow/tsl/framework/bfc_allocator.cc:1095] InUse at 7fe5a0258800 of size 1024 next 269
2025-06-04 15:44:45.759502: I tensorflow/tsl/framework/bfc_allocator.cc:1095] InUse at 7fe5a0258c00 of size 2816 next 277
2025-06-04 15:44:45.759520: I tensorflow/tsl/framework/bfc_allocator.cc:1095] InUse at 7fe5a0259700 of size 256 next 207
2025-06-04 15:44:45.759538: I tensorflow/tsl/framework/bfc_allocator.cc:1095] InUse at 7fe5a0259800 of size 256 next 196
2025-06-04 15:44:45.759555: I tensorflow/tsl/framework/bfc_allocator.cc:1095] InUse at 7fe5a0259900 of size 256 next 217
2025-06-04 15:44:45.759573: I tensorflow/tsl/framework/bfc_allocator.cc:1095] InUse at 7fe5a0259a00 of size 256 next 218
2025-06-04 15:44:45.759590: I tensorflow/tsl/framework/bfc_allocator.cc:1095] InUse at 7fe5a0259b00 of size 256 next 220
2025-06-04 15:44:45.759608: I tensorflow/tsl/framework/bfc_allocator.cc:1095] InUse at 7fe5a0259c00 of size 256 next 226
2025-06-04 15:44:45.759625: I tensorflow/tsl/framework/bfc_allocator.cc:1095] InUse at 7fe5a0259d00 of size 256 next 231
2025-06-04 15:44:45.759642: I tensorflow/tsl/framework/bfc_allocator.cc:1095] InUse at 7fe5a0259e00 of size 26880 next 249
2025-06-04 15:44:45.759660: I tensorflow/tsl/framework/bfc_allocator.cc:1095] InUse at 7fe5a0260700 of size 23808 next 246
2025-06-04 15:44:45.759678: I tensorflow/tsl/framework/bfc_allocator.cc:1095] InUse at 7fe5a0266400 of size 9472 next 283
2025-06-04 15:44:45.759695: I tensorflow/tsl/framework/bfc_allocator.cc:1095] Free  at 7fe5a0268900 of size 179712 next 175
2025-06-04 15:44:45.759713: I tensorflow/tsl/framework/bfc_allocator.cc:1095] InUse at 7fe5a0294700 of size 4352 next 206
2025-06-04 15:44:45.759731: I tensorflow/tsl/framework/bfc_allocator.cc:1095] InUse at 7fe5a0295800 of size 256 next 183
2025-06-04 15:44:45.759748: I tensorflow/tsl/framework/bfc_allocator.cc:1095] InUse at 7fe5a0295900 of size 256 next 198
2025-06-04 15:44:45.759765: I tensorflow/tsl/framework/bfc_allocator.cc:1095] InUse at 7fe5a0295a00 of size 256 next 197
2025-06-04 15:44:45.759783: I tensorflow/tsl/framework/bfc_allocator.cc:1095] Free  at 7fe5a0295b00 of size 256 next 208
2025-06-04 15:44:45.759801: I tensorflow/tsl/framework/bfc_allocator.cc:1095] InUse at 7fe5a0295c00 of size 256 next 209
2025-06-04 15:44:45.759818: I tensorflow/tsl/framework/bfc_allocator.cc:1095] InUse at 7fe5a0295d00 of size 256 next 210
2025-06-04 15:44:45.759836: I tensorflow/tsl/framework/bfc_allocator.cc:1095] InUse at 7fe5a0295e00 of size 256 next 212
2025-06-04 15:44:45.759853: I tensorflow/tsl/framework/bfc_allocator.cc:1095] InUse at 7fe5a0295f00 of size 256 next 213
2025-06-04 15:44:45.759871: I tensorflow/tsl/framework/bfc_allocator.cc:1095] InUse at 7fe5a0296000 of size 256 next 214
2025-06-04 15:44:45.759888: I tensorflow/tsl/framework/bfc_allocator.cc:1095] InUse at 7fe5a0296100 of size 256 next 224
2025-06-04 15:44:45.759906: I tensorflow/tsl/framework/bfc_allocator.cc:1095] InUse at 7fe5a0296200 of size 256 next 216
2025-06-04 15:44:45.759924: I tensorflow/tsl/framework/bfc_allocator.cc:1095] InUse at 7fe5a0296300 of size 256 next 189
2025-06-04 15:44:45.759941: I tensorflow/tsl/framework/bfc_allocator.cc:1095] InUse at 7fe5a0296400 of size 256 next 200
2025-06-04 15:44:45.759959: I tensorflow/tsl/framework/bfc_allocator.cc:1095] InUse at 7fe5a0296500 of size 3328 next 219
2025-06-04 15:44:45.759976: I tensorflow/tsl/framework/bfc_allocator.cc:1095] InUse at 7fe5a0297200 of size 3328 next 178
2025-06-04 15:44:45.759994: I tensorflow/tsl/framework/bfc_allocator.cc:1095] InUse at 7fe5a0297f00 of size 256 next 202
2025-06-04 15:44:45.760012: I tensorflow/tsl/framework/bfc_allocator.cc:1095] InUse at 7fe5a0298000 of size 44032 next 225
2025-06-04 15:44:45.760032: I tensorflow/tsl/framework/bfc_allocator.cc:1095] InUse at 7fe5a02a2c00 of size 26880 next 227
2025-06-04 15:44:45.760049: I tensorflow/tsl/framework/bfc_allocator.cc:1095] InUse at 7fe5a02a9500 of size 5120 next 203
2025-06-04 15:44:45.760067: I tensorflow/tsl/framework/bfc_allocator.cc:1095] InUse at 7fe5a02aa900 of size 34560 next 185
2025-06-04 15:44:45.760085: I tensorflow/tsl/framework/bfc_allocator.cc:1095] InUse at 7fe5a02b3000 of size 26880 next 278
2025-06-04 15:44:45.760103: I tensorflow/tsl/framework/bfc_allocator.cc:1095] Free  at 7fe5a02b9900 of size 101632 next 201
2025-06-04 15:44:45.760120: I tensorflow/tsl/framework/bfc_allocator.cc:1095] InUse at 7fe5a02d2600 of size 1280 next 284
2025-06-04 15:44:45.760138: I tensorflow/tsl/framework/bfc_allocator.cc:1095] InUse at 7fe5a02d2b00 of size 512 next 276
2025-06-04 15:44:45.760166: I tensorflow/tsl/framework/bfc_allocator.cc:1095] InUse at 7fe5a02d2d00 of size 1024 next 251
2025-06-04 15:44:45.760184: I tensorflow/tsl/framework/bfc_allocator.cc:1095] Free  at 7fe5a02d3100 of size 6912 next 179
2025-06-04 15:44:45.760201: I tensorflow/tsl/framework/bfc_allocator.cc:1095] InUse at 7fe5a02d4c00 of size 10240 next 270
2025-06-04 15:44:45.760219: I tensorflow/tsl/framework/bfc_allocator.cc:1095] Free  at 7fe5a02d7400 of size 1280 next 233
2025-06-04 15:44:45.760237: I tensorflow/tsl/framework/bfc_allocator.cc:1095] InUse at 7fe5a02d7900 of size 256 next 195
2025-06-04 15:44:45.760254: I tensorflow/tsl/framework/bfc_allocator.cc:1095] Free  at 7fe5a02d7a00 of size 512 next 281
2025-06-04 15:44:45.760273: I tensorflow/tsl/framework/bfc_allocator.cc:1095] InUse at 7fe5a02d7c00 of size 5120 next 274
2025-06-04 15:44:45.760290: I tensorflow/tsl/framework/bfc_allocator.cc:1095] Free  at 7fe5a02d9000 of size 256 next 257
2025-06-04 15:44:45.760308: I tensorflow/tsl/framework/bfc_allocator.cc:1095] InUse at 7fe5a02d9100 of size 1024 next 232
2025-06-04 15:44:45.760325: I tensorflow/tsl/framework/bfc_allocator.cc:1095] Free  at 7fe5a02d9500 of size 512 next 272
2025-06-04 15:44:45.760343: I tensorflow/tsl/framework/bfc_allocator.cc:1095] InUse at 7fe5a02d9700 of size 256 next 177
2025-06-04 15:44:45.760360: I tensorflow/tsl/framework/bfc_allocator.cc:1095] Free  at 7fe5a02d9800 of size 8448 next 1
2025-06-04 15:44:45.760378: I tensorflow/tsl/framework/bfc_allocator.cc:1095] InUse at 7fe5a02db900 of size 1280 next 2
2025-06-04 15:44:45.760395: I tensorflow/tsl/framework/bfc_allocator.cc:1095] InUse at 7fe5a02dbe00 of size 256 next 6
2025-06-04 15:44:45.760413: I tensorflow/tsl/framework/bfc_allocator.cc:1095] Free  at 7fe5a02dbf00 of size 7518680832 next 7
2025-06-04 15:44:45.760431: I tensorflow/tsl/framework/bfc_allocator.cc:1095] InUse at 7fe76053b600 of size 3759340544 next 5
2025-06-04 15:44:45.760449: I tensorflow/tsl/framework/bfc_allocator.cc:1095] InUse at 7fe84066b200 of size 880128 next 37
2025-06-04 15:44:45.760467: I tensorflow/tsl/framework/bfc_allocator.cc:1095] InUse at 7fe840742000 of size 880128 next 50
2025-06-04 15:44:45.760485: I tensorflow/tsl/framework/bfc_allocator.cc:1095] InUse at 7fe840818e00 of size 880128 next 63
2025-06-04 15:44:45.760503: I tensorflow/tsl/framework/bfc_allocator.cc:1095] InUse at 7fe8408efc00 of size 10198528 next 66
2025-06-04 15:44:45.760521: I tensorflow/tsl/framework/bfc_allocator.cc:1095] InUse at 7fe8412a9a00 of size 10198528 next 67
2025-06-04 15:44:45.760539: I tensorflow/tsl/framework/bfc_allocator.cc:1095] InUse at 7fe841c63800 of size 2996480 next 72
2025-06-04 15:44:45.760557: I tensorflow/tsl/framework/bfc_allocator.cc:1095] InUse at 7fe841f3f100 of size 10198528 next 88
2025-06-04 15:44:45.760575: I tensorflow/tsl/framework/bfc_allocator.cc:1095] InUse at 7fe8428f8f00 of size 10198528 next 89
2025-06-04 15:44:45.760592: I tensorflow/tsl/framework/bfc_allocator.cc:1095] InUse at 7fe8432b2d00 of size 10198528 next 172
2025-06-04 15:44:45.760610: I tensorflow/tsl/framework/bfc_allocator.cc:1095] InUse at 7fe843c6cb00 of size 10198528 next 173
2025-06-04 15:44:45.760628: I tensorflow/tsl/framework/bfc_allocator.cc:1095] InUse at 7fe844626900 of size 259072 next 280
2025-06-04 15:44:45.760645: I tensorflow/tsl/framework/bfc_allocator.cc:1095] InUse at 7fe844665d00 of size 259072 next 239
2025-06-04 15:44:45.760664: I tensorflow/tsl/framework/bfc_allocator.cc:1095] Free  at 7fe8446a5100 of size 3349504 next 240
2025-06-04 15:44:45.760681: I tensorflow/tsl/framework/bfc_allocator.cc:1095] InUse at 7fe8449d6d00 of size 2996480 next 255
2025-06-04 15:44:45.760699: I tensorflow/tsl/framework/bfc_allocator.cc:1095] Free  at 7fe844cb2600 of size 19245824 next 188
2025-06-04 15:44:45.760717: I tensorflow/tsl/framework/bfc_allocator.cc:1095] InUse at 7fe845f0d100 of size 10198528 next 184
2025-06-04 15:44:45.760734: I tensorflow/tsl/framework/bfc_allocator.cc:1095] InUse at 7fe8468c6f00 of size 10198528 next 186
2025-06-04 15:44:45.760752: I tensorflow/tsl/framework/bfc_allocator.cc:1095] InUse at 7fe847280d00 of size 13195008 next 254
2025-06-04 15:44:45.760771: I tensorflow/tsl/framework/bfc_allocator.cc:1095] InUse at 7fe847f16400 of size 10198528 next 247
2025-06-04 15:44:45.760790: I tensorflow/tsl/framework/bfc_allocator.cc:1095] InUse at 7fe8488d0200 of size 2706176 next 237
2025-06-04 15:44:45.760807: I tensorflow/tsl/framework/bfc_allocator.cc:1095] InUse at 7fe848b64d00 of size 10198528 next 275
2025-06-04 15:44:45.760825: I tensorflow/tsl/framework/bfc_allocator.cc:1095] Free  at 7fe84951eb00 of size 260310784 next 235
2025-06-04 15:44:45.760843: I tensorflow/tsl/framework/bfc_allocator.cc:1095] InUse at 7fe858d5f200 of size 89726464 next 234
2025-06-04 15:44:45.760861: I tensorflow/tsl/framework/bfc_allocator.cc:1095] Free  at 7fe85e2f1000 of size 3259670016 next 4
2025-06-04 15:44:45.760879: I tensorflow/tsl/framework/bfc_allocator.cc:1095] InUse at 7fe92079ae00 of size 3759340544 next 9
2025-06-04 15:44:45.760897: I tensorflow/tsl/framework/bfc_allocator.cc:1095] InUse at 7fea008caa00 of size 8374768384 next 180
2025-06-04 15:44:45.760915: I tensorflow/tsl/framework/bfc_allocator.cc:1095] InUse at 7febf3b97d00 of size 8374768384 next 176
2025-06-04 15:44:45.760933: I tensorflow/tsl/framework/bfc_allocator.cc:1095] Free  at 7fede6e65000 of size 4637831168 next 18446744073709551615
2025-06-04 15:44:45.760950: I tensorflow/tsl/framework/bfc_allocator.cc:1100]      Summary of in-use Chunks by size: 
2025-06-04 15:44:45.760973: I tensorflow/tsl/framework/bfc_allocator.cc:1103] 120 Chunks of size 256 totalling 30.0KiB
2025-06-04 15:44:45.760993: I tensorflow/tsl/framework/bfc_allocator.cc:1103] 1 Chunks of size 512 totalling 512B
2025-06-04 15:44:45.761012: I tensorflow/tsl/framework/bfc_allocator.cc:1103] 6 Chunks of size 1024 totalling 6.0KiB
2025-06-04 15:44:45.761031: I tensorflow/tsl/framework/bfc_allocator.cc:1103] 2 Chunks of size 1280 totalling 2.5KiB
2025-06-04 15:44:45.761050: I tensorflow/tsl/framework/bfc_allocator.cc:1103] 5 Chunks of size 1792 totalling 8.8KiB
2025-06-04 15:44:45.761069: I tensorflow/tsl/framework/bfc_allocator.cc:1103] 11 Chunks of size 2560 totalling 27.5KiB
2025-06-04 15:44:45.761088: I tensorflow/tsl/framework/bfc_allocator.cc:1103] 1 Chunks of size 2816 totalling 2.8KiB
2025-06-04 15:44:45.761107: I tensorflow/tsl/framework/bfc_allocator.cc:1103] 19 Chunks of size 3328 totalling 61.8KiB
2025-06-04 15:44:45.761126: I tensorflow/tsl/framework/bfc_allocator.cc:1103] 1 Chunks of size 4352 totalling 4.2KiB
2025-06-04 15:44:45.761145: I tensorflow/tsl/framework/bfc_allocator.cc:1103] 6 Chunks of size 5120 totalling 30.0KiB
2025-06-04 15:44:45.761177: I tensorflow/tsl/framework/bfc_allocator.cc:1103] 1 Chunks of size 9472 totalling 9.2KiB
2025-06-04 15:44:45.761197: I tensorflow/tsl/framework/bfc_allocator.cc:1103] 1 Chunks of size 10240 totalling 10.0KiB
2025-06-04 15:44:45.761216: I tensorflow/tsl/framework/bfc_allocator.cc:1103] 1 Chunks of size 23808 totalling 23.2KiB
2025-06-04 15:44:45.761235: I tensorflow/tsl/framework/bfc_allocator.cc:1103] 7 Chunks of size 26880 totalling 183.8KiB
2025-06-04 15:44:45.761255: I tensorflow/tsl/framework/bfc_allocator.cc:1103] 5 Chunks of size 34560 totalling 168.8KiB
2025-06-04 15:44:45.761274: I tensorflow/tsl/framework/bfc_allocator.cc:1103] 1 Chunks of size 44032 totalling 43.0KiB
2025-06-04 15:44:45.761294: I tensorflow/tsl/framework/bfc_allocator.cc:1103] 9 Chunks of size 51968 totalling 456.8KiB
2025-06-04 15:44:45.761313: I tensorflow/tsl/framework/bfc_allocator.cc:1103] 2 Chunks of size 56832 totalling 111.0KiB
2025-06-04 15:44:45.761332: I tensorflow/tsl/framework/bfc_allocator.cc:1103] 2 Chunks of size 103680 totalling 202.5KiB
2025-06-04 15:44:45.761351: I tensorflow/tsl/framework/bfc_allocator.cc:1103] 2 Chunks of size 259072 totalling 506.0KiB
2025-06-04 15:44:45.761371: I tensorflow/tsl/framework/bfc_allocator.cc:1103] 1 Chunks of size 402944 totalling 393.5KiB
2025-06-04 15:44:45.761390: I tensorflow/tsl/framework/bfc_allocator.cc:1103] 4 Chunks of size 880128 totalling 3.36MiB
2025-06-04 15:44:45.761408: I tensorflow/tsl/framework/bfc_allocator.cc:1103] 1 Chunks of size 2706176 totalling 2.58MiB
2025-06-04 15:44:45.761427: I tensorflow/tsl/framework/bfc_allocator.cc:1103] 2 Chunks of size 2996480 totalling 5.71MiB
2025-06-04 15:44:45.761447: I tensorflow/tsl/framework/bfc_allocator.cc:1103] 10 Chunks of size 10198528 totalling 97.26MiB
2025-06-04 15:44:45.761466: I tensorflow/tsl/framework/bfc_allocator.cc:1103] 1 Chunks of size 13195008 totalling 12.58MiB
2025-06-04 15:44:45.761485: I tensorflow/tsl/framework/bfc_allocator.cc:1103] 1 Chunks of size 89726464 totalling 85.57MiB
2025-06-04 15:44:45.761504: I tensorflow/tsl/framework/bfc_allocator.cc:1103] 2 Chunks of size 3759340544 totalling 7.00GiB
2025-06-04 15:44:45.761524: I tensorflow/tsl/framework/bfc_allocator.cc:1103] 2 Chunks of size 8374768384 totalling 15.60GiB
2025-06-04 15:44:45.761543: I tensorflow/tsl/framework/bfc_allocator.cc:1107] Sum Total of in-use chunks: 22.81GiB
2025-06-04 15:44:45.761561: I tensorflow/tsl/framework/bfc_allocator.cc:1109] Total bytes in pool: 40187068416 memory_limit_: 40187068416 available bytes: 0 curr_region_allocation_bytes_: 80374136832
2025-06-04 15:44:45.761587: I tensorflow/tsl/framework/bfc_allocator.cc:1114] Stats: 
Limit:                     40187068416
InUse:                     24487680768
MaxInUse:                  32785583872
NumAllocs:                      514932
MaxAllocSize:               8374768384
Reserved:                            0
PeakReserved:                        0
LargestFreeBlock:                    0

2025-06-04 15:44:45.761623: W tensorflow/tsl/framework/bfc_allocator.cc:497] *_________________************_______****************************************************___________
2025-06-04 15:44:45.761686: W tensorflow/core/framework/op_kernel.cc:1828] OP_REQUIRES failed at transpose_op.cc:184 : RESOURCE_EXHAUSTED: OOM when allocating tensor with shape[15,2157,15,2157] and type double on /job:localhost/replica:0/task:0/device:GPU:0 by allocator GPU_0_bfc
2025-06-04 15:44:45.761783: I tensorflow/core/framework/local_rendezvous.cc:405] Local rendezvous recv item cancelled. Key hash: 17491404907180310573
2025-06-04 15:44:45.761812: I tensorflow/core/framework/local_rendezvous.cc:405] Local rendezvous recv item cancelled. Key hash: 6687483155468780011
2025-06-04 15:44:45.761841: I tensorflow/core/framework/local_rendezvous.cc:405] Local rendezvous recv item cancelled. Key hash: 7743619936061013975
2025-06-04 15:44:45.761866: I tensorflow/core/framework/local_rendezvous.cc:405] Local rendezvous recv item cancelled. Key hash: 14672047969003209473
2025-06-04 15:44:45.761890: I tensorflow/core/framework/local_rendezvous.cc:405] Local rendezvous recv item cancelled. Key hash: 12192070194754962925
2025-06-04 15:44:45.761913: I tensorflow/core/framework/local_rendezvous.cc:405] Local rendezvous recv item cancelled. Key hash: 1431869359464449847
2025-06-04 15:44:45.761940: I tensorflow/core/framework/local_rendezvous.cc:405] Local rendezvous recv item cancelled. Key hash: 24591093708717887
2025-06-04 15:44:45.761962: I tensorflow/core/framework/local_rendezvous.cc:405] Local rendezvous recv item cancelled. Key hash: 2175189361645406857
2025-06-04 15:44:45.761987: I tensorflow/core/framework/local_rendezvous.cc:405] Local rendezvous recv item cancelled. Key hash: 13592712145175907065
2025-06-04 15:44:45.762009: I tensorflow/core/framework/local_rendezvous.cc:405] Local rendezvous recv item cancelled. Key hash: 17243950226044423155
2025-06-04 15:44:45.762038: I tensorflow/core/framework/local_rendezvous.cc:405] Local rendezvous recv item cancelled. Key hash: 5111548760907664655
2025-06-04 15:44:45.762065: I tensorflow/core/framework/local_rendezvous.cc:405] Local rendezvous recv item cancelled. Key hash: 13614540410535628023
2025-06-04 15:44:45.762090: I tensorflow/core/framework/local_rendezvous.cc:405] Local rendezvous recv item cancelled. Key hash: 1192221907894127231
2025-06-04 15:44:45.762118: I tensorflow/core/framework/local_rendezvous.cc:405] Local rendezvous recv item cancelled. Key hash: 18063970068571443689
2025-06-04 15:44:45.762143: I tensorflow/core/framework/local_rendezvous.cc:405] Local rendezvous recv item cancelled. Key hash: 13902213543652430551
2025-06-04 15:44:45.762179: I tensorflow/core/framework/local_rendezvous.cc:405] Local rendezvous recv item cancelled. Key hash: 7461708026173920307
2025-06-04 15:44:45.762212: I tensorflow/core/framework/local_rendezvous.cc:405] Local rendezvous recv item cancelled. Key hash: 7434663963204064693
2025-06-04 15:44:45.762237: I tensorflow/core/framework/local_rendezvous.cc:405] Local rendezvous recv item cancelled. Key hash: 11763535962445616499
2025-06-04 15:44:45.762264: I tensorflow/core/framework/local_rendezvous.cc:405] Local rendezvous recv item cancelled. Key hash: 16813836812024255735
2025-06-04 15:44:45.762286: I tensorflow/core/framework/local_rendezvous.cc:405] Local rendezvous recv item cancelled. Key hash: 13134189750059260107
2025-06-04 15:44:45.762309: I tensorflow/core/framework/local_rendezvous.cc:405] Local rendezvous recv item cancelled. Key hash: 181463154133866887
2025-06-04 15:44:45.762332: I tensorflow/core/framework/local_rendezvous.cc:405] Local rendezvous recv item cancelled. Key hash: 3849591957289702605
2025-06-04 15:44:45.762355: I tensorflow/core/framework/local_rendezvous.cc:405] Local rendezvous recv item cancelled. Key hash: 6128882086444587865
2025-06-04 15:44:45.762380: I tensorflow/core/framework/local_rendezvous.cc:405] Local rendezvous recv item cancelled. Key hash: 9107794880632870441
2025-06-04 15:44:45.762404: I tensorflow/core/framework/local_rendezvous.cc:405] Local rendezvous recv item cancelled. Key hash: 1937529840697203939
2025-06-04 15:44:45.762429: I tensorflow/core/framework/local_rendezvous.cc:405] Local rendezvous recv item cancelled. Key hash: 115754650973935749
2025-06-04 15:44:45.762452: I tensorflow/core/framework/local_rendezvous.cc:405] Local rendezvous recv item cancelled. Key hash: 15480127772242288689
2025-06-04 15:44:45.762475: I tensorflow/core/framework/local_rendezvous.cc:405] Local rendezvous recv item cancelled. Key hash: 8561139234548425191
2025-06-04 15:44:45.762499: I tensorflow/core/framework/local_rendezvous.cc:405] Local rendezvous recv item cancelled. Key hash: 11876010896828916971
2025-06-04 15:44:45.762527: I tensorflow/core/framework/local_rendezvous.cc:405] Local rendezvous recv item cancelled. Key hash: 3071055510843827581
2025-06-04 15:44:45.762550: I tensorflow/core/framework/local_rendezvous.cc:405] Local rendezvous recv item cancelled. Key hash: 14536192075362446763
2025-06-04 15:44:45.762574: I tensorflow/core/framework/local_rendezvous.cc:405] Local rendezvous recv item cancelled. Key hash: 8187060398466380679
2025-06-04 15:44:45.762596: I tensorflow/core/framework/local_rendezvous.cc:405] Local rendezvous recv item cancelled. Key hash: 9836305520331732169
2025-06-04 15:44:45.762621: I tensorflow/core/framework/local_rendezvous.cc:405] Local rendezvous recv item cancelled. Key hash: 5683007647320192431
2025-06-04 15:44:45.762650: I tensorflow/core/framework/local_rendezvous.cc:405] Local rendezvous recv item cancelled. Key hash: 15579026203392407365
2025-06-04 15:44:45.762680: I tensorflow/core/framework/local_rendezvous.cc:405] Local rendezvous recv item cancelled. Key hash: 8076934285877851905
2025-06-04 15:44:45.762707: I tensorflow/core/framework/local_rendezvous.cc:405] Local rendezvous recv item cancelled. Key hash: 8893150390659774959
2025-06-04 15:44:45.762731: I tensorflow/core/framework/local_rendezvous.cc:405] Local rendezvous recv item cancelled. Key hash: 8423530483816511407
2025-06-04 15:44:45.762754: I tensorflow/core/framework/local_rendezvous.cc:405] Local rendezvous recv item cancelled. Key hash: 16463296257694710295
2025-06-04 15:44:45.762777: I tensorflow/core/framework/local_rendezvous.cc:405] Local rendezvous recv item cancelled. Key hash: 6348093374209407331
2025-06-04 15:44:45.762801: I tensorflow/core/framework/local_rendezvous.cc:405] Local rendezvous recv item cancelled. Key hash: 12059504343268523257
2025-06-04 15:44:45.762824: I tensorflow/core/framework/local_rendezvous.cc:405] Local rendezvous recv item cancelled. Key hash: 7690609097678749527
2025-06-04 15:44:45.762876: I tensorflow/core/framework/local_rendezvous.cc:405] Local rendezvous recv item cancelled. Key hash: 11628717739124031236
2025-06-04 15:44:45.762900: I tensorflow/core/framework/local_rendezvous.cc:405] Local rendezvous recv item cancelled. Key hash: 3109080662344303404
2025-06-04 15:44:45.762923: I tensorflow/core/framework/local_rendezvous.cc:405] Local rendezvous recv item cancelled. Key hash: 11376031312901113100
2025-06-04 15:44:45.762949: I tensorflow/core/framework/local_rendezvous.cc:405] Local rendezvous recv item cancelled. Key hash: 7745378154354771408
2025-06-04 15:44:45.762971: I tensorflow/core/framework/local_rendezvous.cc:405] Local rendezvous recv item cancelled. Key hash: 1723571375774239186
2025-06-04 15:44:45.763000: I tensorflow/core/framework/local_rendezvous.cc:405] Local rendezvous recv item cancelled. Key hash: 12235497595117374766
2025-06-04 15:44:45.763023: I tensorflow/core/framework/local_rendezvous.cc:405] Local rendezvous recv item cancelled. Key hash: 17705241977743380488
2025-06-04 15:44:45.763048: I tensorflow/core/framework/local_rendezvous.cc:405] Local rendezvous recv item cancelled. Key hash: 14326450446680101154
2025-06-04 15:44:45.763071: I tensorflow/core/framework/local_rendezvous.cc:405] Local rendezvous recv item cancelled. Key hash: 7606513034109097874
2025-06-04 15:44:45.763093: I tensorflow/core/framework/local_rendezvous.cc:405] Local rendezvous recv item cancelled. Key hash: 12411105162891008032
2025-06-04 15:44:45.763116: I tensorflow/core/framework/local_rendezvous.cc:405] Local rendezvous recv item cancelled. Key hash: 3315525587302915976
2025-06-04 15:44:45.763139: I tensorflow/core/framework/local_rendezvous.cc:405] Local rendezvous recv item cancelled. Key hash: 6425982245618622800
2025-06-04 15:44:45.763175: I tensorflow/core/framework/local_rendezvous.cc:405] Local rendezvous recv item cancelled. Key hash: 13237474005284824298
2025-06-04 15:44:45.763198: I tensorflow/core/framework/local_rendezvous.cc:405] Local rendezvous recv item cancelled. Key hash: 17308100195290555700
2025-06-04 15:44:45.763222: I tensorflow/core/framework/local_rendezvous.cc:405] Local rendezvous recv item cancelled. Key hash: 3328089170381382586
2025-06-04 15:44:45.763250: I tensorflow/core/framework/local_rendezvous.cc:405] Local rendezvous recv item cancelled. Key hash: 17278004566736119762
2025-06-04 15:44:45.763273: I tensorflow/core/framework/local_rendezvous.cc:405] Local rendezvous recv item cancelled. Key hash: 5589866215731374282
2025-06-04 15:44:45.763296: I tensorflow/core/framework/local_rendezvous.cc:405] Local rendezvous recv item cancelled. Key hash: 15419950605856811238
2025-06-04 15:44:45.763320: I tensorflow/core/framework/local_rendezvous.cc:405] Local rendezvous recv item cancelled. Key hash: 2836786051634246002
2025-06-04 15:44:45.763342: I tensorflow/core/framework/local_rendezvous.cc:405] Local rendezvous recv item cancelled. Key hash: 6999545841103288932
2025-06-04 15:44:45.763366: I tensorflow/core/framework/local_rendezvous.cc:405] Local rendezvous recv item cancelled. Key hash: 5961948711039843718
2025-06-04 15:44:45.763389: I tensorflow/core/framework/local_rendezvous.cc:405] Local rendezvous recv item cancelled. Key hash: 12951242960692690814
2025-06-04 15:44:45.763410: I tensorflow/core/framework/local_rendezvous.cc:405] Local rendezvous recv item cancelled. Key hash: 5945178435819913848
2025-06-04 15:44:45.763433: I tensorflow/core/framework/local_rendezvous.cc:405] Local rendezvous recv item cancelled. Key hash: 8524611672056415482
2025-06-04 15:44:45.763455: I tensorflow/core/framework/local_rendezvous.cc:405] Local rendezvous recv item cancelled. Key hash: 16175021389162038502
2025-06-04 15:44:45.763478: I tensorflow/core/framework/local_rendezvous.cc:405] Local rendezvous recv item cancelled. Key hash: 10102979180786042752
2025-06-04 15:44:45.763501: I tensorflow/core/framework/local_rendezvous.cc:405] Local rendezvous recv item cancelled. Key hash: 9480039502404962670
2025-06-04 15:44:45.763522: I tensorflow/core/framework/local_rendezvous.cc:405] Local rendezvous recv item cancelled. Key hash: 9935061846314337516
2025-06-04 15:44:45.763544: I tensorflow/core/framework/local_rendezvous.cc:405] Local rendezvous recv item cancelled. Key hash: 4965069203194662134
2025-06-04 15:44:45.763570: I tensorflow/core/framework/local_rendezvous.cc:405] Local rendezvous recv item cancelled. Key hash: 2066579892961824306
2025-06-04 15:44:45.763594: I tensorflow/core/framework/local_rendezvous.cc:405] Local rendezvous recv item cancelled. Key hash: 14970051268312551966
2025-06-04 15:44:45.763616: I tensorflow/core/framework/local_rendezvous.cc:405] Local rendezvous recv item cancelled. Key hash: 18244084599204988086
2025-06-04 15:44:45.763638: I tensorflow/core/framework/local_rendezvous.cc:405] Local rendezvous recv item cancelled. Key hash: 16078860840484918620
2025-06-04 15:44:45.763660: I tensorflow/core/framework/local_rendezvous.cc:405] Local rendezvous recv item cancelled. Key hash: 17975420704237606672
2025-06-04 15:44:45.763682: I tensorflow/core/framework/local_rendezvous.cc:405] Local rendezvous recv item cancelled. Key hash: 16322369462968932656
2025-06-04 15:44:45.763704: I tensorflow/core/framework/local_rendezvous.cc:405] Local rendezvous recv item cancelled. Key hash: 1068882532185660074
2025-06-04 15:44:45.763727: I tensorflow/core/framework/local_rendezvous.cc:405] Local rendezvous recv item cancelled. Key hash: 5580576067265616872
2025-06-04 15:44:45.763749: I tensorflow/core/framework/local_rendezvous.cc:405] Local rendezvous recv item cancelled. Key hash: 12408124555249015986
2025-06-04 15:44:45.763771: I tensorflow/core/framework/local_rendezvous.cc:405] Local rendezvous recv item cancelled. Key hash: 10054916459933097082
2025-06-04 15:44:45.763794: I tensorflow/core/framework/local_rendezvous.cc:405] Local rendezvous recv item cancelled. Key hash: 18200522014034747670
2025-06-04 15:44:45.763816: I tensorflow/core/framework/local_rendezvous.cc:405] Local rendezvous recv item cancelled. Key hash: 12209602168435794508
2025-06-04 15:44:45.763839: I tensorflow/core/framework/local_rendezvous.cc:405] Local rendezvous recv item cancelled. Key hash: 509166118759752946
2025-06-04 15:44:45.763862: I tensorflow/core/framework/local_rendezvous.cc:405] Local rendezvous recv item cancelled. Key hash: 15628619756993308352
2025-06-04 15:44:45.763885: I tensorflow/core/framework/local_rendezvous.cc:405] Local rendezvous recv item cancelled. Key hash: 12255161872448351324
2025-06-04 15:44:45.763907: I tensorflow/core/framework/local_rendezvous.cc:405] Local rendezvous recv item cancelled. Key hash: 4351176087907596016
2025-06-04 15:44:45.763928: I tensorflow/core/framework/local_rendezvous.cc:405] Local rendezvous recv item cancelled. Key hash: 13803476738973923432
2025-06-04 15:44:45.763951: I tensorflow/core/framework/local_rendezvous.cc:405] Local rendezvous recv item cancelled. Key hash: 454285288168454266
2025-06-04 15:44:45.763973: I tensorflow/core/framework/local_rendezvous.cc:405] Local rendezvous recv item cancelled. Key hash: 8941073410512682400
2025-06-04 15:44:45.764028: I tensorflow/core/framework/local_rendezvous.cc:405] Local rendezvous recv item cancelled. Key hash: 705043495917288874
2025-06-04 15:44:45.764052: I tensorflow/core/framework/local_rendezvous.cc:405] Local rendezvous recv item cancelled. Key hash: 3195690136613617566
/opt/software/anaconda3/2021.05/lib/python3.8/site-packages/scipy/__init__.py:138: UserWarning: A NumPy version >=1.16.5 and <1.23.0 is required for this version of SciPy (detected version 1.24.3)
  warnings.warn(f"A NumPy version >={np_minversion} and <{np_maxversion} is required for this version of "
Traceback (most recent call last):
  File "/opt/software/anaconda3/2021.05/lib/python3.8/runpy.py", line 194, in _run_module_as_main
    return _run_code(code, main_globals, None,
  File "/opt/software/anaconda3/2021.05/lib/python3.8/runpy.py", line 87, in _run_code
    exec(code, run_globals)
  File "/home/bhr597/.local/lib/python3.8/site-packages/hmsc/run_gibbs_sampler.py", line 276, in <module>
    run_gibbs_sampler(
  File "/home/bhr597/.local/lib/python3.8/site-packages/hmsc/run_gibbs_sampler.py", line 110, in run_gibbs_sampler
    parSamples = gibbs.sampling_routine(
  File "/home/bhr597/.local/lib/python3.8/site-packages/tensorflow/python/util/traceback_utils.py", line 153, in error_handler
    raise e.with_traceback(filtered_tb) from None
  File "/home/bhr597/.local/lib/python3.8/site-packages/tensorflow/python/eager/execute.py", line 53, in quick_execute
    tensors = pywrap_tfe.TFE_Py_Execute(ctx._handle, device_name, op_name,
tensorflow.python.framework.errors_impl.ResourceExhaustedError: Graph execution error:

Detected at node 'while/eta/cond/transpose_3' defined at (most recent call last):
    File "/opt/software/anaconda3/2021.05/lib/python3.8/runpy.py", line 194, in _run_module_as_main
      return _run_code(code, main_globals, None,
    File "/opt/software/anaconda3/2021.05/lib/python3.8/runpy.py", line 87, in _run_code
      exec(code, run_globals)
    File "/home/bhr597/.local/lib/python3.8/site-packages/hmsc/run_gibbs_sampler.py", line 276, in <module>
      run_gibbs_sampler(
    File "/home/bhr597/.local/lib/python3.8/site-packages/hmsc/run_gibbs_sampler.py", line 82, in run_gibbs_sampler
      parSamples = gibbs.sampling_routine(
    File "/home/bhr597/.local/lib/python3.8/site-packages/hmsc/gibbs_sampler.py", line 105, in sampling_routine
      for n in tf.range(step_num):
    File "/home/bhr597/.local/lib/python3.8/site-packages/hmsc/gibbs_sampler.py", line 185, in sampling_routine
      params["Eta"] = updateEta(params, self.modelDims, self.modelData, self.rLHyperparams, dtype)
    File "/home/bhr597/.local/lib/python3.8/site-packages/hmsc/utils/tf_named_func.py", line 7, in decorated_func
      result = original_func(*args, **kwargs)
    File "/home/bhr597/.local/lib/python3.8/site-packages/hmsc/updaters/updateEta.py", line 50, in updateEta
      for r, (Eta, Lambda, AlphaInd, rLPar) in enumerate(zip(EtaList, LambdaList, AlphaIndList, rLHyperparams)):
    File "/home/bhr597/.local/lib/python3.8/site-packages/hmsc/updaters/updateEta.py", line 52, in updateEta
      if nf > 0:
    File "/home/bhr597/.local/lib/python3.8/site-packages/hmsc/updaters/updateEta.py", line 66, in updateEta
      if rLPar["sDim"] == 0:
    File "/home/bhr597/.local/lib/python3.8/site-packages/hmsc/updaters/updateEta.py", line 75, in updateEta
      if rLPar["spatialMethod"] == "Full":
    File "/home/bhr597/.local/lib/python3.8/site-packages/hmsc/updaters/updateEta.py", line 76, in updateEta
      EtaListNew[r] = modelSpatialFull(LamInvSigLam, mu0, AlphaInd, rLPar["iWg"], npVec[r], nf, dtype)
    File "/home/bhr597/.local/lib/python3.8/site-packages/hmsc/updaters/updateEta.py", line 117, in modelSpatialFull
      iUEta = iWs + tf.reshape(tf.transpose(tfla.diag(tf.transpose(LamInvSigLam, [1,2,0])), [0,2,1,3]), [nf*np,nf*np])
Node: 'while/eta/cond/transpose_3'
Detected at node 'while/eta/cond/transpose_3' defined at (most recent call last):
    File "/opt/software/anaconda3/2021.05/lib/python3.8/runpy.py", line 194, in _run_module_as_main
      return _run_code(code, main_globals, None,
    File "/opt/software/anaconda3/2021.05/lib/python3.8/runpy.py", line 87, in _run_code
      exec(code, run_globals)
    File "/home/bhr597/.local/lib/python3.8/site-packages/hmsc/run_gibbs_sampler.py", line 276, in <module>
      run_gibbs_sampler(
    File "/home/bhr597/.local/lib/python3.8/site-packages/hmsc/run_gibbs_sampler.py", line 82, in run_gibbs_sampler
      parSamples = gibbs.sampling_routine(
    File "/home/bhr597/.local/lib/python3.8/site-packages/hmsc/gibbs_sampler.py", line 105, in sampling_routine
      for n in tf.range(step_num):
    File "/home/bhr597/.local/lib/python3.8/site-packages/hmsc/gibbs_sampler.py", line 185, in sampling_routine
      params["Eta"] = updateEta(params, self.modelDims, self.modelData, self.rLHyperparams, dtype)
    File "/home/bhr597/.local/lib/python3.8/site-packages/hmsc/utils/tf_named_func.py", line 7, in decorated_func
      result = original_func(*args, **kwargs)
    File "/home/bhr597/.local/lib/python3.8/site-packages/hmsc/updaters/updateEta.py", line 50, in updateEta
      for r, (Eta, Lambda, AlphaInd, rLPar) in enumerate(zip(EtaList, LambdaList, AlphaIndList, rLHyperparams)):
    File "/home/bhr597/.local/lib/python3.8/site-packages/hmsc/updaters/updateEta.py", line 52, in updateEta
      if nf > 0:
    File "/home/bhr597/.local/lib/python3.8/site-packages/hmsc/updaters/updateEta.py", line 66, in updateEta
      if rLPar["sDim"] == 0:
    File "/home/bhr597/.local/lib/python3.8/site-packages/hmsc/updaters/updateEta.py", line 75, in updateEta
      if rLPar["spatialMethod"] == "Full":
    File "/home/bhr597/.local/lib/python3.8/site-packages/hmsc/updaters/updateEta.py", line 76, in updateEta
      EtaListNew[r] = modelSpatialFull(LamInvSigLam, mu0, AlphaInd, rLPar["iWg"], npVec[r], nf, dtype)
    File "/home/bhr597/.local/lib/python3.8/site-packages/hmsc/updaters/updateEta.py", line 117, in modelSpatialFull
      iUEta = iWs + tf.reshape(tf.transpose(tfla.diag(tf.transpose(LamInvSigLam, [1,2,0])), [0,2,1,3]), [nf*np,nf*np])
Node: 'while/eta/cond/transpose_3'
2 root error(s) found.
  (0) RESOURCE_EXHAUSTED:  OOM when allocating tensor with shape[15,2157,15,2157] and type double on /job:localhost/replica:0/task:0/device:GPU:0 by allocator GPU_0_bfc
	 [[{{node while/eta/cond/transpose_3}}]]
Hint: If you want to see a list of allocated tensors when OOM happens, add report_tensor_allocations_upon_oom to RunOptions for current allocation info. This isn't available when running in Eager mode.

	 [[while/body/_1/while/Identity_40/_310]]
Hint: If you want to see a list of allocated tensors when OOM happens, add report_tensor_allocations_upon_oom to RunOptions for current allocation info. This isn't available when running in Eager mode.

  (1) RESOURCE_EXHAUSTED:  OOM when allocating tensor with shape[15,2157,15,2157] and type double on /job:localhost/replica:0/task:0/device:GPU:0 by allocator GPU_0_bfc
	 [[{{node while/eta/cond/transpose_3}}]]
Hint: If you want to see a list of allocated tensors when OOM happens, add report_tensor_allocations_upon_oom to RunOptions for current allocation info. This isn't available when running in Eager mode.

0 successful operations.
0 derived errors ignored. [Op:__inference_sampling_routine_3891]
Initializing TF graph
retracing
TF graph initialized in 15.1 sec
Running TF Gibbs sampler for 1 chains with indices [2]

 Computing chain 2
iteration 100 / 40000 transientiteration 200 / 40000 transientiteration 300 / 40000 transientiteration 400 / 40000 transientiteration 500 / 40000 transientiteration 600 / 40000 transientiteration 700 / 40000 transientiteration 800 / 40000 transientiteration 900 / 40000 transientiteration 1000 / 40000 transientiteration 1100 / 40000 transientsrun: error: mjolnirgpu01fl: task 0: Exited with exit code 1
